<?xml version="1.0" encoding="UTF-8"?>
<!-- Generated by org.testng.reporters.JUnitReportReporter -->
<testsuite hostname="DESKTOP-LHVEUFN" failures="0" tests="1" name="PhpGroupware_package.PHP_01" time="0.008" errors="0" timestamp="2023-10-31T14:47:09 IST" skipped="0">
  <testcase classname="PhpGroupware_package.PHP_01" name="f1" time="0.008"/>
  <system-out/>
</testsuite> <!-- PhpGroupware_package.PHP_01 -->
