<?xml version="1.0" encoding="UTF-8"?>
<!-- Generated by org.testng.reporters.JUnitReportReporter -->
<testsuite hostname="DESKTOP-LHVEUFN" failures="0" tests="1" name="PhpGroupware_package.PHP_01" time="0.012" errors="0" timestamp="2023-11-01T15:14:02 IST" skipped="0">
  <testcase classname="PhpGroupware_package.PHP_01" name="f1" time="0.012"/>
  <system-out/>
</testsuite> <!-- PhpGroupware_package.PHP_01 -->
