<?xml version="1.0" encoding="UTF-8"?>
<!-- Generated by org.testng.reporters.JUnitReportReporter -->
<testsuite hostname="DESKTOP-LHVEUFN" failures="0" tests="1" name="inhouseSystems_TESTCASES.tc_01" time="4.347" errors="0" timestamp="2023-11-01T15:56:59 IST" skipped="0">
  <testcase classname="inhouseSystems_TESTCASES.tc_01" name="f" time="4.347"/>
  <system-out/>
</testsuite> <!-- inhouseSystems_TESTCASES.tc_01 -->
